<?xml version="1.0" encoding="UTF-8"?>
<!-- Generated by org.testng.reporters.JUnitReportReporter -->
<testsuite hostname="TYSS-Amaya" failures="0" tests="1" name="Sample.VerifyHomePageBanners" time="413.283" errors="0" timestamp="2022-07-26T18:24:43 IST" skipped="0">
  <testcase classname="Sample.VerifyHomePageBanners" name="verifybanners" time="413.283"/>
  <system-out/>
</testsuite> <!-- Sample.VerifyHomePageBanners -->
